EmbeddedView/build/outputs/logs/manifest-merger-debug-report.txt
-- Merging decision tree log ---
manifest
ADDED from src\main\AndroidManifest.xml:2:1-64:12
INJECTED from src\main\AndroidManifest.xml:2:1-64:12
INJECTED from src\main\AndroidManifest.xml:2:1-64:12
INJECTED from src\main\AndroidManifest.xml:2:1-64:12
MERGED from [:arcore_client:] AndroidManifest.xml:17:1-46:12
MERGED from [:arcore_unity:] AndroidManifest.xml:2:1-11:12
MERGED from [:google_ar_required:] AndroidManifest.xml:2:1-11:12
MERGED from [:unityandroidpermissions:] AndroidManifest.xml:6:1-15:12
MERGED from [:unitygar:] AndroidManifest.xml:2:1-11:12
MERGED from [com.dji:dji-sdk:4.9.0.1] AndroidManifest.xml:2:1-75:12
MERGED from [com.dji:library-anti-distortion:4.7] AndroidManifest.xml:2:1-11:12
MERGED from [com.mapzen.android:lost:3.0.4] AndroidManifest.xml:2:1-34:12
MERGED from [com.android.support:appcompat-v7:27.0.0] AndroidManifest.xml:17:1-22:12
MERGED from [com.android.support:recyclerview-v7:27.0.0] AndroidManifest.xml:17:1-22:12
MERGED from [com.android.support.constraint:constraint-layout:1.1.2] AndroidManifest.xml:2:1-11:12
MERGED from [com.android.support:support-fragment:27.0.0] AndroidManifest.xml:17:1-22:12
MERGED from [com.android.support:support-core-utils:27.0.0] AndroidManifest.xml:17:1-22:12
MERGED from [com.android.support:animated-vector-drawable:27.0.0] AndroidManifest.xml:17:1-22:12
MERGED from [com.android.support:support-vector-drawable:27.0.0] AndroidManifest.xml:17:1-22:12
MERGED from [com.android.support:support-core-ui:27.0.0] AndroidManifest.xml:17:1-22:12
MERGED from [com.android.support:support-compat:27.0.0] AndroidManifest.xml:17:1-22:12
MERGED from [android.arch.lifecycle:runtime:1.0.0] AndroidManifest.xml:17:1-30:12
INJECTED from src\main\AndroidManifest.xml:2:1-64:12
INJECTED from src\main\AndroidManifest.xml:2:1-64:12
INJECTED from src\main\AndroidManifest.xml:2:1-64:12
	package
		ADDED from src\main\AndroidManifest.xml:2:70-100
		INJECTED from src\main\AndroidManifest.xml
		INJECTED from src\main\AndroidManifest.xml
	android:versionName
		INJECTED from src\main\AndroidManifest.xml
		ADDED from src\main\AndroidManifest.xml:2:1-64:12
		INJECTED from src\main\AndroidManifest.xml
	xmlns:tools
		ADDED from src\main\AndroidManifest.xml:2:101-147
	android:versionCode
		INJECTED from src\main\AndroidManifest.xml
		ADDED from src\main\AndroidManifest.xml:2:1-64:12
		INJECTED from src\main\AndroidManifest.xml
	xmlns:android
		ADDED from src\main\AndroidManifest.xml:2:11-69
	android:installLocation
		ADDED from src\main\AndroidManifest.xml:2:148-178
supports-screens
ADDED from src\main\AndroidManifest.xml:3:3-163
	android:largeScreens
		ADDED from src\main\AndroidManifest.xml:3:78-105
	android:smallScreens
		ADDED from src\main\AndroidManifest.xml:3:21-48
	android:normalScreens
		ADDED from src\main\AndroidManifest.xml:3:49-77
	android:xlargeScreens
		ADDED from src\main\AndroidManifest.xml:3:106-134
	android:anyDensity
		ADDED from src\main\AndroidManifest.xml:3:135-160
uses-permission#android.permission.VIBRATE
ADDED from src\main\AndroidManifest.xml:4:3-63
MERGED from [com.dji:dji-sdk:4.9.0.1] AndroidManifest.xml:35:5-66
MERGED from [com.dji:dji-sdk:4.9.0.1] AndroidManifest.xml:35:5-66
	android:name
		ADDED from src\main\AndroidManifest.xml:4:20-61
uses-permission#android.permission.ACCESS_WIFI_STATE
ADDED from src\main\AndroidManifest.xml:5:3-73
MERGED from [com.dji:dji-sdk:4.9.0.1] AndroidManifest.xml:21:5-76
MERGED from [com.dji:dji-sdk:4.9.0.1] AndroidManifest.xml:21:5-76
	android:name
		ADDED from src\main\AndroidManifest.xml:5:20-71
uses-permission#android.permission.WAKE_LOCK
ADDED from src\main\AndroidManifest.xml:6:3-65
MERGED from [com.dji:dji-sdk:4.9.0.1] AndroidManifest.xml:20:5-68
MERGED from [com.dji:dji-sdk:4.9.0.1] AndroidManifest.xml:20:5-68
	android:name
		ADDED from src\main\AndroidManifest.xml:6:20-63
uses-permission#android.permission.ACCESS_COARSE_LOCATION
ADDED from src\main\AndroidManifest.xml:7:3-78
MERGED from [com.dji:dji-sdk:4.9.0.1] AndroidManifest.xml:17:5-81
MERGED from [com.dji:dji-sdk:4.9.0.1] AndroidManifest.xml:17:5-81
	android:name
		ADDED from src\main\AndroidManifest.xml:7:20-76
uses-permission#android.permission.ACCESS_NETWORK_STATE
ADDED from src\main\AndroidManifest.xml:8:3-76
MERGED from [com.dji:dji-sdk:4.9.0.1] AndroidManifest.xml:13:5-79
MERGED from [com.dji:dji-sdk:4.9.0.1] AndroidManifest.xml:13:5-79
	android:name
		ADDED from src\main\AndroidManifest.xml:8:20-74
uses-permission#android.permission.ACCESS_FINE_LOCATION
ADDED from src\main\AndroidManifest.xml:9:3-76
MERGED from [com.dji:dji-sdk:4.9.0.1] AndroidManifest.xml:18:5-79
MERGED from [com.dji:dji-sdk:4.9.0.1] AndroidManifest.xml:18:5-79
	android:name
		ADDED from src\main\AndroidManifest.xml:9:20-74
uses-permission#android.permission.CHANGE_WIFI_STATE
ADDED from src\main\AndroidManifest.xml:10:3-73
MERGED from [com.dji:dji-sdk:4.9.0.1] AndroidManifest.xml:39:5-76
MERGED from [com.dji:dji-sdk:4.9.0.1] AndroidManifest.xml:39:5-76
	android:name
		ADDED from src\main\AndroidManifest.xml:10:20-71
uses-permission#android.permission.MOUNT_UNMOUNT_FILESYSTEMS
ADDED from src\main\AndroidManifest.xml:11:3-12:45
MERGED from [com.dji:dji-sdk:4.9.0.1] AndroidManifest.xml:26:5-84
MERGED from [com.dji:dji-sdk:4.9.0.1] AndroidManifest.xml:26:5-84
	tools:ignore
		ADDED from src\main\AndroidManifest.xml:12:7-42
	android:name
		ADDED from src\main\AndroidManifest.xml:11:20-79
uses-permission#android.permission.WRITE_EXTERNAL_STORAGE
ADDED from src\main\AndroidManifest.xml:13:3-115
MERGED from [com.dji:dji-sdk:4.9.0.1] AndroidManifest.xml:15:5-81
MERGED from [com.dji:dji-sdk:4.9.0.1] AndroidManifest.xml:15:5-81
	tools:remove
		ADDED from src\main\AndroidManifest.xml:13:77-113
	android:name
		ADDED from src\main\AndroidManifest.xml:13:20-76
uses-permission#android.permission.READ_EXTERNAL_STORAGE
ADDED from src\main\AndroidManifest.xml:14:3-114
	tools:remove
		ADDED from src\main\AndroidManifest.xml:14:76-112
	android:name
		ADDED from src\main\AndroidManifest.xml:14:20-75
uses-permission#android.permission.SYSTEM_ALERT_WINDOW
ADDED from src\main\AndroidManifest.xml:15:3-75
MERGED from [com.dji:dji-sdk:4.9.0.1] AndroidManifest.xml:23:5-78
MERGED from [com.dji:dji-sdk:4.9.0.1] AndroidManifest.xml:23:5-78
	android:name
		ADDED from src\main\AndroidManifest.xml:15:20-73
uses-permission#android.permission.READ_PHONE_STATE
ADDED from src\main\AndroidManifest.xml:16:3-72
MERGED from [com.dji:dji-sdk:4.9.0.1] AndroidManifest.xml:40:5-75
MERGED from [com.dji:dji-sdk:4.9.0.1] AndroidManifest.xml:40:5-75
	android:name
		ADDED from src\main\AndroidManifest.xml:16:20-70
uses-permission#android.permission.BLUETOOTH
ADDED from src\main\AndroidManifest.xml:17:3-65
MERGED from [com.dji:dji-sdk:4.9.0.1] AndroidManifest.xml:11:5-68
MERGED from [com.dji:dji-sdk:4.9.0.1] AndroidManifest.xml:11:5-68
	android:name
		ADDED from src\main\AndroidManifest.xml:17:20-63
uses-permission#android.permission.BLUETOOTH_ADMIN
ADDED from src\main\AndroidManifest.xml:18:3-72
MERGED from [com.dji:dji-sdk:4.9.0.1] AndroidManifest.xml:12:5-74
MERGED from [com.dji:dji-sdk:4.9.0.1] AndroidManifest.xml:12:5-74
	android:name
		ADDED from src\main\AndroidManifest.xml:18:20-69
uses-feature#android.hardware.usb.host
ADDED from src\main\AndroidManifest.xml:20:3-22:33
MERGED from [com.dji:dji-sdk:4.9.0.1] AndroidManifest.xml:53:5-55:36
MERGED from [com.dji:dji-sdk:4.9.0.1] AndroidManifest.xml:53:5-55:36
	android:required
		ADDED from src\main\AndroidManifest.xml:22:7-31
	android:name
		ADDED from src\main\AndroidManifest.xml:21:7-47
uses-feature#android.hardware.usb.accessory
ADDED from src\main\AndroidManifest.xml:23:3-25:32
MERGED from [com.dji:dji-sdk:4.9.0.1] AndroidManifest.xml:56:5-58:35
MERGED from [com.dji:dji-sdk:4.9.0.1] AndroidManifest.xml:56:5-58:35
	android:required
		ADDED from src\main\AndroidManifest.xml:25:7-30
	android:name
		ADDED from src\main\AndroidManifest.xml:24:7-52
application
ADDED from src\main\AndroidManifest.xml:27:3-54:17
MERGED from [:arcore_client:] AndroidManifest.xml:30:5-44:19
MERGED from [:arcore_client:] AndroidManifest.xml:30:5-44:19
MERGED from [:google_ar_required:] AndroidManifest.xml:7:5-9:19
MERGED from [:google_ar_required:] AndroidManifest.xml:7:5-9:19
MERGED from [com.dji:dji-sdk:4.9.0.1] AndroidManifest.xml:60:5-73:19
MERGED from [com.dji:dji-sdk:4.9.0.1] AndroidManifest.xml:60:5-73:19
MERGED from [com.mapzen.android:lost:3.0.4] AndroidManifest.xml:21:5-32:19
MERGED from [com.mapzen.android:lost:3.0.4] AndroidManifest.xml:21:5-32:19
MERGED from [com.android.support.constraint:constraint-layout:1.1.2] AndroidManifest.xml:9:5-20
MERGED from [com.android.support.constraint:constraint-layout:1.1.2] AndroidManifest.xml:9:5-20
MERGED from [android.arch.lifecycle:runtime:1.0.0] AndroidManifest.xml:24:5-28:19
MERGED from [android.arch.lifecycle:runtime:1.0.0] AndroidManifest.xml:24:5-28:19
	android:label
		ADDED from src\main\AndroidManifest.xml:27:90-122
	android:icon
		ADDED from src\main\AndroidManifest.xml:27:58-89
	android:theme
		ADDED from src\main\AndroidManifest.xml:27:16-57
	android:name
		ADDED from src\main\AndroidManifest.xml:27:123-171
uses-library#org.apache.http.legacy
ADDED from src\main\AndroidManifest.xml:29:5-83
	android:required
		ADDED from src\main\AndroidManifest.xml:29:57-81
	android:name
		ADDED from src\main\AndroidManifest.xml:29:19-56
meta-data#com.dji.sdk.API_KEY
ADDED from src\main\AndroidManifest.xml:30:5-32:51
	android:value
		ADDED from src\main\AndroidManifest.xml:32:9-49
	android:name
		ADDED from src\main\AndroidManifest.xml:31:9-43
service#dji.sdk.sdkmanager.DJIGlobalService
ADDED from src\main\AndroidManifest.xml:33:5-35:15
MERGED from [com.dji:dji-sdk:4.9.0.1] AndroidManifest.xml:61:9-63:43
MERGED from [com.dji:dji-sdk:4.9.0.1] AndroidManifest.xml:61:9-63:43
	android:exported
		ADDED from src\main\AndroidManifest.xml:34:9-33
	android:stopWithTask
		ADDED from [com.dji:dji-sdk:4.9.0.1] AndroidManifest.xml:63:13-40
	android:name
		ADDED from src\main\AndroidManifest.xml:33:14-64
meta-data#IMMERSIVE_MODE
ADDED from src\main\AndroidManifest.xml:36:5-69
	android:value
		ADDED from src\main\AndroidManifest.xml:36:46-66
	android:name
		ADDED from src\main\AndroidManifest.xml:36:16-45
activity#com.uwb.xr.djiBridge.DJIfrontEnd
ADDED from src\main\AndroidManifest.xml:38:5-48:16
	android:screenOrientation
		ADDED from src\main\AndroidManifest.xml:38:48-86
	android:label
		ADDED from src\main\AndroidManifest.xml:38:15-47
	android:launchMode
		ADDED from src\main\AndroidManifest.xml:38:87-118
	android:hardwareAccelerated
		ADDED from src\main\AndroidManifest.xml:38:301-336
	android:configChanges
		ADDED from src\main\AndroidManifest.xml:38:119-300
	android:name
		ADDED from src\main\AndroidManifest.xml:38:337-384
intent-filter#action:name:android.hardware.usb.action.USB_ACCESSORY_ATTACHED+action:name:android.intent.action.MAIN+category:name:android.intent.category.LAUNCHER
ADDED from src\main\AndroidManifest.xml:39:7-43:23
action#android.intent.action.MAIN
ADDED from src\main\AndroidManifest.xml:40:9-61
	android:name
		ADDED from src\main\AndroidManifest.xml:40:17-58
category#android.intent.category.LAUNCHER
ADDED from src\main\AndroidManifest.xml:41:9-69
	android:name
		ADDED from src\main\AndroidManifest.xml:41:19-66
action#android.hardware.usb.action.USB_ACCESSORY_ATTACHED
ADDED from src\main\AndroidManifest.xml:42:9-84
	android:name
		ADDED from src\main\AndroidManifest.xml:42:17-82
meta-data#unityplayer.UnityActivity
ADDED from src\main\AndroidManifest.xml:44:7-82
	android:value
		ADDED from src\main\AndroidManifest.xml:44:59-79
	android:name
		ADDED from src\main\AndroidManifest.xml:44:18-58
meta-data#android.hardware.usb.action.USB_ACCESSORY_ATTACHED
ADDED from src\main\AndroidManifest.xml:45:7-47:53
	android:resource
		ADDED from src\main\AndroidManifest.xml:47:11-51
	android:name
		ADDED from src\main\AndroidManifest.xml:46:11-76
meta-data#unity.tango-enable
ADDED from src\main\AndroidManifest.xml:49:5-73
	android:value
		ADDED from src\main\AndroidManifest.xml:49:50-70
	android:name
		ADDED from src\main\AndroidManifest.xml:49:16-49
meta-data#unityplayer.SkipPermissionsDialog
ADDED from src\main\AndroidManifest.xml:50:5-88
	android:value
		ADDED from src\main\AndroidManifest.xml:50:65-85
	android:name
		ADDED from src\main\AndroidManifest.xml:50:16-64
meta-data#unity.build-id
ADDED from src\main\AndroidManifest.xml:51:5-101
	android:value
		ADDED from src\main\AndroidManifest.xml:51:46-98
	android:name
		ADDED from src\main\AndroidManifest.xml:51:16-45
meta-data#unity.splash-mode
ADDED from src\main\AndroidManifest.xml:52:5-69
	android:value
		ADDED from src\main\AndroidManifest.xml:52:49-66
	android:name
		ADDED from src\main\AndroidManifest.xml:52:16-48
meta-data#unity.splash-enable
ADDED from src\main\AndroidManifest.xml:53:5-74
	android:value
		ADDED from src\main\AndroidManifest.xml:53:51-71
	android:name
		ADDED from src\main\AndroidManifest.xml:53:16-50
uses-feature#0x00020000
ADDED from src\main\AndroidManifest.xml:55:3-52
	android:glEsVersion
		ADDED from src\main\AndroidManifest.xml:55:17-49
uses-permission#android.permission.CAMERA
ADDED from src\main\AndroidManifest.xml:56:3-63
MERGED from [com.dji:dji-sdk:4.9.0.1] AndroidManifest.xml:25:5-65
MERGED from [com.dji:dji-sdk:4.9.0.1] AndroidManifest.xml:25:5-65
	android:name
		ADDED from src\main\AndroidManifest.xml:56:20-60
uses-permission#android.permission.INTERNET
ADDED from src\main\AndroidManifest.xml:57:3-65
	android:name
		ADDED from src\main\AndroidManifest.xml:57:20-62
uses-feature#android.hardware.camera
ADDED from src\main\AndroidManifest.xml:58:3-59
	android:name
		ADDED from src\main\AndroidManifest.xml:58:17-55
uses-feature#android.hardware.camera.autofocus
ADDED from src\main\AndroidManifest.xml:59:3-68
	android:name
		ADDED from src\main\AndroidManifest.xml:59:17-65
uses-feature#android.hardware.camera.front
ADDED from src\main\AndroidManifest.xml:60:3-89
	android:required
		ADDED from src\main\AndroidManifest.xml:60:62-86
	android:name
		ADDED from src\main\AndroidManifest.xml:60:17-61
uses-feature#android.hardware.touchscreen
ADDED from src\main\AndroidManifest.xml:61:3-88
	android:required
		ADDED from src\main\AndroidManifest.xml:61:61-85
	android:name
		ADDED from src\main\AndroidManifest.xml:61:17-60
uses-feature#android.hardware.touchscreen.multitouch
ADDED from src\main\AndroidManifest.xml:62:3-99
	android:required
		ADDED from src\main\AndroidManifest.xml:62:72-96
	android:name
		ADDED from src\main\AndroidManifest.xml:62:17-71
uses-feature#android.hardware.touchscreen.multitouch.distinct
ADDED from src\main\AndroidManifest.xml:63:3-108
	android:required
		ADDED from src\main\AndroidManifest.xml:63:81-105
	android:name
		ADDED from src\main\AndroidManifest.xml:63:17-80
uses-sdk
INJECTED from src\main\AndroidManifest.xml reason: use-sdk injection requested
INJECTED from src\main\AndroidManifest.xml
INJECTED from src\main\AndroidManifest.xml
MERGED from [:arcore_client:] AndroidManifest.xml:26:5-28:41
MERGED from [:arcore_client:] AndroidManifest.xml:26:5-28:41
MERGED from [:arcore_unity:] AndroidManifest.xml:7:5-9:41
MERGED from [:arcore_unity:] AndroidManifest.xml:7:5-9:41
MERGED from [:google_ar_required:] AndroidManifest.xml:6:5-43
MERGED from [:google_ar_required:] AndroidManifest.xml:6:5-43
MERGED from [:unityandroidpermissions:] AndroidManifest.xml:11:5-13:41
MERGED from [:unityandroidpermissions:] AndroidManifest.xml:11:5-13:41
MERGED from [:unitygar:] AndroidManifest.xml:7:5-9:41
MERGED from [:unitygar:] AndroidManifest.xml:7:5-9:41
MERGED from [com.dji:dji-sdk:4.9.0.1] AndroidManifest.xml:7:5-9:41
MERGED from [com.dji:dji-sdk:4.9.0.1] AndroidManifest.xml:7:5-9:41
MERGED from [com.dji:library-anti-distortion:4.7] AndroidManifest.xml:7:5-9:41
MERGED from [com.dji:library-anti-distortion:4.7] AndroidManifest.xml:7:5-9:41
MERGED from [com.mapzen.android:lost:3.0.4] AndroidManifest.xml:5:5-7:41
MERGED from [com.mapzen.android:lost:3.0.4] AndroidManifest.xml:5:5-7:41
MERGED from [com.android.support:appcompat-v7:27.0.0] AndroidManifest.xml:20:5-44
MERGED from [com.android.support:appcompat-v7:27.0.0] AndroidManifest.xml:20:5-44
MERGED from [com.android.support:recyclerview-v7:27.0.0] AndroidManifest.xml:20:5-44
MERGED from [com.android.support:recyclerview-v7:27.0.0] AndroidManifest.xml:20:5-44
MERGED from [com.android.support.constraint:constraint-layout:1.1.2] AndroidManifest.xml:5:5-7:41
MERGED from [com.android.support.constraint:constraint-layout:1.1.2] AndroidManifest.xml:5:5-7:41
MERGED from [com.android.support:support-fragment:27.0.0] AndroidManifest.xml:20:5-44
MERGED from [com.android.support:support-fragment:27.0.0] AndroidManifest.xml:20:5-44
MERGED from [com.android.support:support-core-utils:27.0.0] AndroidManifest.xml:20:5-44
MERGED from [com.android.support:support-core-utils:27.0.0] AndroidManifest.xml:20:5-44
MERGED from [com.android.support:animated-vector-drawable:27.0.0] AndroidManifest.xml:20:5-44
MERGED from [com.android.support:animated-vector-drawable:27.0.0] AndroidManifest.xml:20:5-44
MERGED from [com.android.support:support-vector-drawable:27.0.0] AndroidManifest.xml:20:5-44
MERGED from [com.android.support:support-vector-drawable:27.0.0] AndroidManifest.xml:20:5-44
MERGED from [com.android.support:support-core-ui:27.0.0] AndroidManifest.xml:20:5-44
MERGED from [com.android.support:support-core-ui:27.0.0] AndroidManifest.xml:20:5-44
MERGED from [com.android.support:support-compat:27.0.0] AndroidManifest.xml:20:5-44
MERGED from [com.android.support:support-compat:27.0.0] AndroidManifest.xml:20:5-44
MERGED from [android.arch.lifecycle:runtime:1.0.0] AndroidManifest.xml:20:5-22:41
MERGED from [android.arch.lifecycle:runtime:1.0.0] AndroidManifest.xml:20:5-22:41
INJECTED from src\main\AndroidManifest.xml
INJECTED from src\main\AndroidManifest.xml
	android:targetSdkVersion
		INJECTED from src\main\AndroidManifest.xml
		ADDED from src\main\AndroidManifest.xml
		INJECTED from src\main\AndroidManifest.xml
	android:minSdkVersion
		INJECTED from src\main\AndroidManifest.xml
		ADDED from src\main\AndroidManifest.xml
		INJECTED from src\main\AndroidManifest.xml
meta-data#com.google.ar.core.min_apk_version
ADDED from [:arcore_client:] AndroidManifest.xml:33:9-35:41
	android:value
		ADDED from [:arcore_client:] AndroidManifest.xml:35:13-38
	android:name
		ADDED from [:arcore_client:] AndroidManifest.xml:34:13-62
activity#com.google.ar.core.InstallActivity
ADDED from [:arcore_client:] AndroidManifest.xml:37:9-43:80
	android:excludeFromRecents
		ADDED from [:arcore_client:] AndroidManifest.xml:40:13-46
	android:launchMode
		ADDED from [:arcore_client:] AndroidManifest.xml:42:13-43
	android:exported
		ADDED from [:arcore_client:] AndroidManifest.xml:41:13-37
	android:configChanges
		ADDED from [:arcore_client:] AndroidManifest.xml:39:13-74
	android:theme
		ADDED from [:arcore_client:] AndroidManifest.xml:43:13-77
	android:name
		ADDED from [:arcore_client:] AndroidManifest.xml:38:13-62
meta-data#com.google.ar.core
ADDED from [:google_ar_required:] AndroidManifest.xml:8:9-81
	android:value
		ADDED from [:google_ar_required:] AndroidManifest.xml:8:54-78
	android:name
		ADDED from [:google_ar_required:] AndroidManifest.xml:8:20-53
uses-feature#android.hardware.camera.ar
ADDED from [:google_ar_required:] AndroidManifest.xml:10:5-86
	android:required
		ADDED from [:google_ar_required:] AndroidManifest.xml:10:61-84
	android:name
		ADDED from [:google_ar_required:] AndroidManifest.xml:10:19-60
uses-permission#com.google.android.providers.gsf.permission.READ_GSERVICES
ADDED from [com.dji:dji-sdk:4.9.0.1] AndroidManifest.xml:14:5-98
	android:name
		ADDED from [com.dji:dji-sdk:4.9.0.1] AndroidManifest.xml:14:22-95
uses-permission#android.permission.WRITE_USER_DICTIONARY
ADDED from [com.dji:dji-sdk:4.9.0.1] AndroidManifest.xml:16:5-80
	android:name
		ADDED from [com.dji:dji-sdk:4.9.0.1] AndroidManifest.xml:16:22-77
uses-permission#android.permission.CHANGE_CONFIGURATION
ADDED from [com.dji:dji-sdk:4.9.0.1] AndroidManifest.xml:19:5-79
	android:name
		ADDED from [com.dji:dji-sdk:4.9.0.1] AndroidManifest.xml:19:22-76
uses-permission#android.permission.CHANGE_NETWORK_STATE
ADDED from [com.dji:dji-sdk:4.9.0.1] AndroidManifest.xml:22:5-79
	android:name
		ADDED from [com.dji:dji-sdk:4.9.0.1] AndroidManifest.xml:22:22-76
uses-permission#android.permission.RECORD_AUDIO
ADDED from [com.dji:dji-sdk:4.9.0.1] AndroidManifest.xml:24:5-71
	android:name
		ADDED from [com.dji:dji-sdk:4.9.0.1] AndroidManifest.xml:24:22-68
uses-permission#android.permission.RECEIVE_BOOT_COMPLETED
ADDED from [com.dji:dji-sdk:4.9.0.1] AndroidManifest.xml:29:5-81
	android:name
		ADDED from [com.dji:dji-sdk:4.9.0.1] AndroidManifest.xml:29:22-78
uses-permission#android.permission.BROADCAST_STICKY
ADDED from [com.dji:dji-sdk:4.9.0.1] AndroidManifest.xml:30:5-75
	android:name
		ADDED from [com.dji:dji-sdk:4.9.0.1] AndroidManifest.xml:30:22-72
uses-permission#android.permission.WRITE_SETTINGS
ADDED from [com.dji:dji-sdk:4.9.0.1] AndroidManifest.xml:31:5-73
	android:name
		ADDED from [com.dji:dji-sdk:4.9.0.1] AndroidManifest.xml:31:22-70
uses-permission#android.permission.RECEIVE_USER_PRESENT
ADDED from [com.dji:dji-sdk:4.9.0.1] AndroidManifest.xml:32:5-79
	android:name
		ADDED from [com.dji:dji-sdk:4.9.0.1] AndroidManifest.xml:32:22-76
uses-permission#android.permission.KILL_BACKGROUND_PROCESSES
ADDED from [com.dji:dji-sdk:4.9.0.1] AndroidManifest.xml:33:5-84
	android:name
		ADDED from [com.dji:dji-sdk:4.9.0.1] AndroidManifest.xml:33:22-81
uses-permission#android.permission.READ_LOGS
ADDED from [com.dji:dji-sdk:4.9.0.1] AndroidManifest.xml:34:5-68
	android:name
		ADDED from [com.dji:dji-sdk:4.9.0.1] AndroidManifest.xml:34:22-65
uses-permission#android.permission.GET_TASKS
ADDED from [com.dji:dji-sdk:4.9.0.1] AndroidManifest.xml:38:5-68
	android:name
		ADDED from [com.dji:dji-sdk:4.9.0.1] AndroidManifest.xml:38:22-65
uses-permission#android.permission.MANAGE_ACCOUNTS
ADDED from [com.dji:dji-sdk:4.9.0.1] AndroidManifest.xml:41:5-74
	android:name
		ADDED from [com.dji:dji-sdk:4.9.0.1] AndroidManifest.xml:41:22-71
uses-permission#android.permission.GET_ACCOUNTS
ADDED from [com.dji:dji-sdk:4.9.0.1] AndroidManifest.xml:42:5-71
	android:name
		ADDED from [com.dji:dji-sdk:4.9.0.1] AndroidManifest.xml:42:22-68
uses-permission#android.permission.RAISED_THREAD_PRIORITY
ADDED from [com.dji:dji-sdk:4.9.0.1] AndroidManifest.xml:43:5-81
	android:name
		ADDED from [com.dji:dji-sdk:4.9.0.1] AndroidManifest.xml:43:22-78
uses-permission#android.permission.INTERACT_ACROSS_USERS_FULL
ADDED from [com.dji:dji-sdk:4.9.0.1] AndroidManifest.xml:44:5-85
	android:name
		ADDED from [com.dji:dji-sdk:4.9.0.1] AndroidManifest.xml:44:22-82
uses-permission#android.permission.USE_CREDENTIALS
ADDED from [com.dji:dji-sdk:4.9.0.1] AndroidManifest.xml:50:5-74
	android:name
		ADDED from [com.dji:dji-sdk:4.9.0.1] AndroidManifest.xml:50:22-71
receiver#dji.logic.receiver.DJIPilotStartupReceiver
ADDED from [com.dji:dji-sdk:4.9.0.1] AndroidManifest.xml:65:9-72:20
	android:exported
		ADDED from [com.dji:dji-sdk:4.9.0.1] AndroidManifest.xml:67:13-36
	android:name
		ADDED from [com.dji:dji-sdk:4.9.0.1] AndroidManifest.xml:66:13-70
intent-filter#action:name:dji.go3.STARTUP+action:name:dji.go4.STARTUP
ADDED from [com.dji:dji-sdk:4.9.0.1] AndroidManifest.xml:68:13-71:29
action#dji.go3.STARTUP
ADDED from [com.dji:dji-sdk:4.9.0.1] AndroidManifest.xml:69:17-58
	android:name
		ADDED from [com.dji:dji-sdk:4.9.0.1] AndroidManifest.xml:69:25-55
action#dji.go4.STARTUP
ADDED from [com.dji:dji-sdk:4.9.0.1] AndroidManifest.xml:70:17-58
	android:name
		ADDED from [com.dji:dji-sdk:4.9.0.1] AndroidManifest.xml:70:25-55
uses-feature#android.hardware.sensor.accelerometer
ADDED from [com.mapzen.android:lost:3.0.4] AndroidManifest.xml:9:5-11:36
	android:required
		ADDED from [com.mapzen.android:lost:3.0.4] AndroidManifest.xml:11:9-33
	android:name
		ADDED from [com.mapzen.android:lost:3.0.4] AndroidManifest.xml:10:9-61
uses-feature#android.hardware.location
ADDED from [com.mapzen.android:lost:3.0.4] AndroidManifest.xml:12:5-62
	android:name
		ADDED from [com.mapzen.android:lost:3.0.4] AndroidManifest.xml:12:19-59
uses-feature#android.hardware.location.gps
ADDED from [com.mapzen.android:lost:3.0.4] AndroidManifest.xml:13:5-15:36
	android:required
		ADDED from [com.mapzen.android:lost:3.0.4] AndroidManifest.xml:15:9-33
	android:name
		ADDED from [com.mapzen.android:lost:3.0.4] AndroidManifest.xml:14:9-53
uses-feature#android.hardware.telephony
ADDED from [com.mapzen.android:lost:3.0.4] AndroidManifest.xml:16:5-18:36
	android:required
		ADDED from [com.mapzen.android:lost:3.0.4] AndroidManifest.xml:18:9-33
	android:name
		ADDED from [com.mapzen.android:lost:3.0.4] AndroidManifest.xml:17:9-50
uses-feature#android.hardware.wifi
ADDED from [com.mapzen.android:lost:3.0.4] AndroidManifest.xml:19:5-58
	android:name
		ADDED from [com.mapzen.android:lost:3.0.4] AndroidManifest.xml:19:19-55
service#com.mapzen.android.lost.internal.FusedLocationProviderService
ADDED from [com.mapzen.android:lost:3.0.4] AndroidManifest.xml:22:9-24:39
	android:process
		ADDED from [com.mapzen.android:lost:3.0.4] AndroidManifest.xml:24:13-36
	android:name
		ADDED from [com.mapzen.android:lost:3.0.4] AndroidManifest.xml:23:13-89
service#com.mapzen.android.lost.internal.GeofencingIntentService
ADDED from [com.mapzen.android:lost:3.0.4] AndroidManifest.xml:25:9-29:19
	android:name
		ADDED from [com.mapzen.android:lost:3.0.4] AndroidManifest.xml:25:18-89
intent-filter#action:name:com.mapzen.lost.action.ACTION_GEOFENCING_SERVICE
ADDED from [com.mapzen.android:lost:3.0.4] AndroidManifest.xml:26:13-28:29
action#com.mapzen.lost.action.ACTION_GEOFENCING_SERVICE
ADDED from [com.mapzen.android:lost:3.0.4] AndroidManifest.xml:27:17-91
	android:name
		ADDED from [com.mapzen.android:lost:3.0.4] AndroidManifest.xml:27:25-88
service#com.mapzen.android.lost.internal.DwellIntentService
ADDED from [com.mapzen.android:lost:3.0.4] AndroidManifest.xml:30:9-31:19
	android:name
		ADDED from [com.mapzen.android:lost:3.0.4] AndroidManifest.xml:30:18-84
meta-data#android.arch.lifecycle.VERSION
ADDED from [android.arch.lifecycle:runtime:1.0.0] AndroidManifest.xml:25:9-27:47
	android:value
		ADDED from [android.arch.lifecycle:runtime:1.0.0] AndroidManifest.xml:27:13-44
	android:name
		ADDED from [android.arch.lifecycle:runtime:1.0.0] AndroidManifest.xml:26:13-58